<?xml version="1.0" encoding="UTF-8"?>
<!-- Generated by org.testng.reporters.JUnitXMLReporter -->
<testsuite hostname="MNCTVN05589" name="Test" tests="12" failures="0" timestamp="19 Jun 2020 09:51:27 GMT" time="62.754" errors="0">
  <testcase name="@BeforeMethod set" time="0.0" classname="testcases.Test_Login">
    <failure type="org.openqa.selenium.WebDriverException" message="Unable to parse remote response: &amp;lt;html&amp;gt;
&amp;lt;head&amp;gt;&amp;lt;title&amp;gt;504 Gateway Time-out&amp;lt;/title&amp;gt;&amp;lt;/head&amp;gt;
&amp;lt;body bgcolor=&amp;quot;white&amp;quot;&amp;gt;
&amp;lt;center&amp;gt;&amp;lt;h1&amp;gt;504 Gateway Time-out&amp;lt;/h1&amp;gt;&amp;lt;/center&amp;gt;
&amp;lt;hr&amp;gt;&amp;lt;center&amp;gt;nginx&amp;lt;/center&amp;gt;
&amp;lt;/body&amp;gt;
&amp;lt;/html&amp;gt;
">
      <![CDATA[org.openqa.selenium.WebDriverException: Unable to parse remote response: <html>
<head><title>504 Gateway Time-out</title></head>
<body bgcolor="white">
<center><h1>504 Gateway Time-out</h1></center>
<hr><center>nginx</center>
</body>
</html>

	at org.openqa.selenium.remote.ProtocolHandshake.createSession(ProtocolHandshake.java:115)
	at org.openqa.selenium.remote.ProtocolHandshake.createSession(ProtocolHandshake.java:74)
	at org.openqa.selenium.remote.HttpCommandExecutor.execute(HttpCommandExecutor.java:136)
	at org.openqa.selenium.remote.RemoteWebDriver.execute(RemoteWebDriver.java:552)
	at org.openqa.selenium.remote.RemoteWebDriver.startSession(RemoteWebDriver.java:213)
	at org.openqa.selenium.remote.RemoteWebDriver.<init>(RemoteWebDriver.java:131)
	at org.openqa.selenium.remote.RemoteWebDriver.<init>(RemoteWebDriver.java:144)
	at config.Setup.set(Setup.java:36)
Caused by: org.openqa.selenium.json.JsonException: Unable to determine type from: <. Last 1 characters read: <
Build info: version: '3.141.59', revision: 'e82be7d358', time: '2018-11-14T08:17:03'
System info: host: 'MNCTVN05589', ip: '192.168.2.42', os.name: 'Windows 10', os.arch: 'amd64', os.version: '10.0', java.version: '1.8.0_221'
Driver info: driver.version: RemoteWebDriver
	at org.openqa.selenium.json.JsonInput.peek(JsonInput.java:122)
	at org.openqa.selenium.json.JsonTypeCoercer.lambda$null$6(JsonTypeCoercer.java:140)
	at org.openqa.selenium.json.JsonTypeCoercer.coerce(JsonTypeCoercer.java:126)
	at org.openqa.selenium.json.Json.toType(Json.java:69)
	at org.openqa.selenium.json.Json.toType(Json.java:55)
	at org.openqa.selenium.json.Json.toType(Json.java:50)
	at org.openqa.selenium.remote.ProtocolHandshake.createSession(ProtocolHandshake.java:112)
	... 37 more
... Removed 30 stack frames]]>
    </failure>
  </testcase> <!-- @BeforeMethod set -->
  <testcase name="@AfterMethod done" time="0.0" classname="testcases.Test_Login">
    <skipped/>
  </testcase> <!-- @AfterMethod done -->
  <testcase name="@BeforeMethod set" time="0.0" classname="testcases.Test_Login">
    <skipped/>
  </testcase> <!-- @BeforeMethod set -->
  <testcase name="@AfterMethod done" time="0.0" classname="testcases.Test_Login">
    <skipped/>
  </testcase> <!-- @AfterMethod done -->
  <testcase name="@BeforeMethod set" time="0.0" classname="testcases.Test_Login">
    <skipped/>
  </testcase> <!-- @BeforeMethod set -->
  <testcase name="@AfterMethod done" time="0.0" classname="testcases.Test_Login">
    <skipped/>
  </testcase> <!-- @AfterMethod done -->
  <testcase name="@BeforeMethod set" time="0.0" classname="testcases.Test_Login">
    <skipped/>
  </testcase> <!-- @BeforeMethod set -->
  <testcase name="@AfterMethod done" time="0.0" classname="testcases.Test_Login">
    <skipped/>
  </testcase> <!-- @AfterMethod done -->
  <testcase name="@BeforeMethod set" time="0.0" classname="testcases.Test_Integration_Login">
    <skipped/>
  </testcase> <!-- @BeforeMethod set -->
  <testcase name="@AfterMethod done" time="0.0" classname="testcases.Test_Integration_Login">
    <skipped/>
  </testcase> <!-- @AfterMethod done -->
  <testcase name="@BeforeMethod set" time="0.0" classname="testcases.Test_Integration_Login">
    <skipped/>
  </testcase> <!-- @BeforeMethod set -->
  <testcase name="@AfterMethod done" time="0.0" classname="testcases.Test_Integration_Login">
    <skipped/>
  </testcase> <!-- @AfterMethod done -->
  <testcase name="@BeforeMethod set" time="0.0" classname="testcases.Test_Integration_Login">
    <skipped/>
  </testcase> <!-- @BeforeMethod set -->
  <testcase name="@AfterMethod done" time="0.0" classname="testcases.Test_Integration_Login">
    <skipped/>
  </testcase> <!-- @AfterMethod done -->
  <testcase name="@BeforeMethod set" time="0.0" classname="testcases.Test_Integration_Login">
    <skipped/>
  </testcase> <!-- @BeforeMethod set -->
  <testcase name="@AfterMethod done" time="0.0" classname="testcases.Test_Integration_Login">
    <skipped/>
  </testcase> <!-- @AfterMethod done -->
  <testcase name="@BeforeMethod set" time="0.0" classname="testcases.Test_Integration_Login">
    <skipped/>
  </testcase> <!-- @BeforeMethod set -->
  <testcase name="@AfterMethod done" time="0.0" classname="testcases.Test_Integration_Login">
    <skipped/>
  </testcase> <!-- @AfterMethod done -->
  <testcase name="@BeforeMethod set" time="0.0" classname="testcases.Test_Integration_Login">
    <skipped/>
  </testcase> <!-- @BeforeMethod set -->
  <testcase name="@AfterMethod done" time="0.0" classname="testcases.Test_Integration_Login">
    <skipped/>
  </testcase> <!-- @AfterMethod done -->
  <testcase name="@BeforeMethod set" time="0.0" classname="testcases.Test_Integration_Login">
    <skipped/>
  </testcase> <!-- @BeforeMethod set -->
  <testcase name="@AfterMethod done" time="0.0" classname="testcases.Test_Integration_Login">
    <skipped/>
  </testcase> <!-- @AfterMethod done -->
  <testcase name="@BeforeMethod set" time="0.0" classname="testcases.Test_Integration_Login">
    <skipped/>
  </testcase> <!-- @BeforeMethod set -->
  <testcase name="@AfterMethod done" time="0.0" classname="testcases.Test_Integration_Login">
    <skipped/>
  </testcase> <!-- @AfterMethod done -->
  <testcase name="login_alert_popup" time="0.002" classname="testcases.Test_Login">
    <skipped/>
  </testcase> <!-- login_alert_popup -->
  <testcase name="login_alert_popup" time="0.008" classname="testcases.Test_Login">
    <skipped/>
  </testcase> <!-- login_alert_popup -->
  <testcase name="login_logout" time="0.001" classname="testcases.Test_Login">
    <skipped/>
  </testcase> <!-- login_logout -->
  <testcase name="login_logout" time="0.0" classname="testcases.Test_Login">
    <skipped/>
  </testcase> <!-- login_logout -->
  <testcase name="login_logout_from_Continue_Watching" time="0.0" classname="testcases.Test_Integration_Login">
    <skipped/>
  </testcase> <!-- login_logout_from_Continue_Watching -->
  <testcase name="login_logout_from_Continue_Watching" time="0.0" classname="testcases.Test_Integration_Login">
    <skipped/>
  </testcase> <!-- login_logout_from_Continue_Watching -->
  <testcase name="login_logout_from_account" time="0.0" classname="testcases.Test_Integration_Login">
    <skipped/>
  </testcase> <!-- login_logout_from_account -->
  <testcase name="login_logout_from_account" time="0.0" classname="testcases.Test_Integration_Login">
    <skipped/>
  </testcase> <!-- login_logout_from_account -->
  <testcase name="login_logout_from_history" time="0.001" classname="testcases.Test_Integration_Login">
    <skipped/>
  </testcase> <!-- login_logout_from_history -->
  <testcase name="login_logout_from_history" time="0.0" classname="testcases.Test_Integration_Login">
    <skipped/>
  </testcase> <!-- login_logout_from_history -->
  <testcase name="login_logout_from_mylist" time="0.0" classname="testcases.Test_Integration_Login">
    <skipped/>
  </testcase> <!-- login_logout_from_mylist -->
  <testcase name="login_logout_from_mylist" time="0.0" classname="testcases.Test_Integration_Login">
    <skipped/>
  </testcase> <!-- login_logout_from_mylist -->
</testsuite> <!-- Test -->
