<?xml version="1.0" encoding="UTF-8"?>
<testng-results skipped="12" failed="0" total="12" passed="0">
  <reporter-output>
  </reporter-output>
  <suite name="Suite" duration-ms="62754" started-at="2020-06-19T09:50:24Z" finished-at="2020-06-19T09:51:27Z">
    <groups>
    </groups>
    <test name="Test" duration-ms="62754" started-at="2020-06-19T09:50:24Z" finished-at="2020-06-19T09:51:27Z">
      <class name="testcases.Test_Login">
        <test-method status="FAIL" signature="set()[pri:0, instance:testcases.Test_Login@675d3402]" name="set" is-config="true" duration-ms="0" started-at="2020-06-19T16:50:25Z" finished-at="2020-06-19T16:50:25Z">
          <exception class="org.openqa.selenium.WebDriverException">
            <message>
              <![CDATA[Unable to parse remote response: <html>
<head><title>504 Gateway Time-out</title></head>
<body bgcolor="white">
<center><h1>504 Gateway Time-out</h1></center>
<hr><center>nginx</center>
</body>
</html>
]]>
            </message>
            <full-stacktrace>
              <![CDATA[org.openqa.selenium.WebDriverException: Unable to parse remote response: <html>
<head><title>504 Gateway Time-out</title></head>
<body bgcolor="white">
<center><h1>504 Gateway Time-out</h1></center>
<hr><center>nginx</center>
</body>
</html>

	at org.openqa.selenium.remote.ProtocolHandshake.createSession(ProtocolHandshake.java:115)
	at org.openqa.selenium.remote.ProtocolHandshake.createSession(ProtocolHandshake.java:74)
	at org.openqa.selenium.remote.HttpCommandExecutor.execute(HttpCommandExecutor.java:136)
	at org.openqa.selenium.remote.RemoteWebDriver.execute(RemoteWebDriver.java:552)
	at org.openqa.selenium.remote.RemoteWebDriver.startSession(RemoteWebDriver.java:213)
	at org.openqa.selenium.remote.RemoteWebDriver.<init>(RemoteWebDriver.java:131)
	at org.openqa.selenium.remote.RemoteWebDriver.<init>(RemoteWebDriver.java:144)
	at config.Setup.set(Setup.java:36)
	at sun.reflect.NativeMethodAccessorImpl.invoke0(Native Method)
	at sun.reflect.NativeMethodAccessorImpl.invoke(Unknown Source)
	at sun.reflect.DelegatingMethodAccessorImpl.invoke(Unknown Source)
	at java.lang.reflect.Method.invoke(Unknown Source)
	at org.testng.internal.MethodInvocationHelper.invokeMethod(MethodInvocationHelper.java:86)
	at org.testng.internal.Invoker.invokeConfigurationMethod(Invoker.java:514)
	at org.testng.internal.Invoker.invokeConfigurations(Invoker.java:215)
	at org.testng.internal.Invoker.invokeMethod(Invoker.java:589)
	at org.testng.internal.Invoker.invokeTestMethod(Invoker.java:820)
	at org.testng.internal.Invoker.invokeTestMethods(Invoker.java:1128)
	at org.testng.internal.TestMethodWorker.invokeTestMethods(TestMethodWorker.java:129)
	at org.testng.internal.TestMethodWorker.run(TestMethodWorker.java:112)
	at org.testng.TestRunner.privateRun(TestRunner.java:782)
	at org.testng.TestRunner.run(TestRunner.java:632)
	at org.testng.SuiteRunner.runTest(SuiteRunner.java:366)
	at org.testng.SuiteRunner.runSequentially(SuiteRunner.java:361)
	at org.testng.SuiteRunner.privateRun(SuiteRunner.java:319)
	at org.testng.SuiteRunner.run(SuiteRunner.java:268)
	at org.testng.SuiteRunnerWorker.runSuite(SuiteRunnerWorker.java:52)
	at org.testng.SuiteRunnerWorker.run(SuiteRunnerWorker.java:86)
	at org.testng.TestNG.runSuitesSequentially(TestNG.java:1244)
	at org.testng.TestNG.runSuitesLocally(TestNG.java:1169)
	at org.testng.TestNG.run(TestNG.java:1064)
	at org.apache.maven.surefire.testng.TestNGExecutor.run(TestNGExecutor.java:283)
	at org.apache.maven.surefire.testng.TestNGXmlTestSuite.execute(TestNGXmlTestSuite.java:75)
	at org.apache.maven.surefire.testng.TestNGProvider.invoke(TestNGProvider.java:120)
	at org.apache.maven.surefire.booter.ForkedBooter.runSuitesInProcess(ForkedBooter.java:377)
	at org.apache.maven.surefire.booter.ForkedBooter.execute(ForkedBooter.java:138)
	at org.apache.maven.surefire.booter.ForkedBooter.run(ForkedBooter.java:465)
	at org.apache.maven.surefire.booter.ForkedBooter.main(ForkedBooter.java:451)
Caused by: org.openqa.selenium.json.JsonException: Unable to determine type from: <. Last 1 characters read: <
Build info: version: '3.141.59', revision: 'e82be7d358', time: '2018-11-14T08:17:03'
System info: host: 'MNCTVN05589', ip: '192.168.2.42', os.name: 'Windows 10', os.arch: 'amd64', os.version: '10.0', java.version: '1.8.0_221'
Driver info: driver.version: RemoteWebDriver
	at org.openqa.selenium.json.JsonInput.peek(JsonInput.java:122)
	at org.openqa.selenium.json.JsonTypeCoercer.lambda$null$6(JsonTypeCoercer.java:140)
	at org.openqa.selenium.json.JsonTypeCoercer.coerce(JsonTypeCoercer.java:126)
	at org.openqa.selenium.json.Json.toType(Json.java:69)
	at org.openqa.selenium.json.Json.toType(Json.java:55)
	at org.openqa.selenium.json.Json.toType(Json.java:50)
	at org.openqa.selenium.remote.ProtocolHandshake.createSession(ProtocolHandshake.java:112)
	... 37 more
]]>
            </full-stacktrace>
          </exception> <!-- org.openqa.selenium.WebDriverException -->
          <reporter-output>
          </reporter-output>
        </test-method> <!-- set -->
        <test-method status="SKIP" signature="login_alert_popup(java.lang.String, java.lang.String, java.lang.String, java.lang.String)[pri:2, instance:testcases.Test_Login@675d3402]" name="login_alert_popup" duration-ms="2" started-at="2020-06-19T16:51:27Z" data-provider="login_alert_popup" finished-at="2020-06-19T16:51:27Z">
          <params>
            <param index="0">
              <value>
                <![CDATA[/login]]>
              </value>
            </param>
            <param index="1">
              <value>
                <![CDATA[dixosgadpoyt@gmail.com]]>
              </value>
            </param>
            <param index="2">
              <value>
                <![CDATA[passwordslah]]>
              </value>
            </param>
            <param index="3">
              <value>
                <![CDATA[User has not been registered]]>
              </value>
            </param>
          </params>
          <reporter-output>
          </reporter-output>
        </test-method> <!-- login_alert_popup -->
        <test-method status="SKIP" signature="done()[pri:0, instance:testcases.Test_Login@675d3402]" name="done" is-config="true" duration-ms="0" started-at="2020-06-19T16:51:27Z" finished-at="2020-06-19T16:51:27Z">
          <reporter-output>
          </reporter-output>
        </test-method> <!-- done -->
        <test-method status="SKIP" signature="set()[pri:0, instance:testcases.Test_Login@675d3402]" name="set" is-config="true" duration-ms="0" started-at="2020-06-19T16:51:27Z" finished-at="2020-06-19T16:51:27Z">
          <reporter-output>
          </reporter-output>
        </test-method> <!-- set -->
        <test-method status="SKIP" signature="login_alert_popup(java.lang.String, java.lang.String, java.lang.String, java.lang.String)[pri:2, instance:testcases.Test_Login@675d3402]" name="login_alert_popup" duration-ms="8" started-at="2020-06-19T16:51:27Z" data-provider="login_alert_popup" finished-at="2020-06-19T16:51:27Z">
          <params>
            <param index="0">
              <value>
                <![CDATA[/login]]>
              </value>
            </param>
            <param index="1">
              <value>
                <![CDATA[628229098776544]]>
              </value>
            </param>
            <param index="2">
              <value>
                <![CDATA[passwordslah]]>
              </value>
            </param>
            <param index="3">
              <value>
                <![CDATA[User has not been registered]]>
              </value>
            </param>
          </params>
          <reporter-output>
          </reporter-output>
        </test-method> <!-- login_alert_popup -->
        <test-method status="SKIP" signature="done()[pri:0, instance:testcases.Test_Login@675d3402]" name="done" is-config="true" duration-ms="0" started-at="2020-06-19T16:51:27Z" finished-at="2020-06-19T16:51:27Z">
          <reporter-output>
          </reporter-output>
        </test-method> <!-- done -->
        <test-method status="SKIP" signature="set()[pri:0, instance:testcases.Test_Login@675d3402]" name="set" is-config="true" duration-ms="0" started-at="2020-06-19T16:51:27Z" finished-at="2020-06-19T16:51:27Z">
          <reporter-output>
          </reporter-output>
        </test-method> <!-- set -->
        <test-method status="SKIP" signature="login_logout(java.lang.String, java.lang.String, java.lang.String, java.lang.String)[pri:4, instance:testcases.Test_Login@675d3402]" name="login_logout" duration-ms="1" started-at="2020-06-19T16:51:27Z" data-provider="login_success" finished-at="2020-06-19T16:51:27Z">
          <params>
            <param index="0">
              <value>
                <![CDATA[/login]]>
              </value>
            </param>
            <param index="1">
              <value>
                <![CDATA[dikakoko04@gmail.com]]>
              </value>
            </param>
            <param index="2">
              <value>
                <![CDATA[dikakoko]]>
              </value>
            </param>
            <param index="3">
              <value>
                <![CDATA[dikakoko]]>
              </value>
            </param>
          </params>
          <reporter-output>
          </reporter-output>
        </test-method> <!-- login_logout -->
        <test-method status="SKIP" signature="done()[pri:0, instance:testcases.Test_Login@675d3402]" name="done" is-config="true" duration-ms="0" started-at="2020-06-19T16:51:27Z" finished-at="2020-06-19T16:51:27Z">
          <reporter-output>
          </reporter-output>
        </test-method> <!-- done -->
        <test-method status="SKIP" signature="login_logout(java.lang.String, java.lang.String, java.lang.String, java.lang.String)[pri:4, instance:testcases.Test_Login@675d3402]" name="login_logout" duration-ms="0" started-at="2020-06-19T16:51:27Z" data-provider="login_success" finished-at="2020-06-19T16:51:27Z">
          <params>
            <param index="0">
              <value>
                <![CDATA[/login]]>
              </value>
            </param>
            <param index="1">
              <value>
                <![CDATA[082278843303]]>
              </value>
            </param>
            <param index="2">
              <value>
                <![CDATA[dikakoko]]>
              </value>
            </param>
            <param index="3">
              <value>
                <![CDATA[dikakokos]]>
              </value>
            </param>
          </params>
          <reporter-output>
          </reporter-output>
        </test-method> <!-- login_logout -->
        <test-method status="SKIP" signature="set()[pri:0, instance:testcases.Test_Login@675d3402]" name="set" is-config="true" duration-ms="0" started-at="2020-06-19T16:51:27Z" finished-at="2020-06-19T16:51:27Z">
          <reporter-output>
          </reporter-output>
        </test-method> <!-- set -->
        <test-method status="SKIP" signature="done()[pri:0, instance:testcases.Test_Login@675d3402]" name="done" is-config="true" duration-ms="0" started-at="2020-06-19T16:51:27Z" finished-at="2020-06-19T16:51:27Z">
          <reporter-output>
          </reporter-output>
        </test-method> <!-- done -->
      </class> <!-- testcases.Test_Login -->
      <class name="testcases.Test_Integration_Login">
        <test-method status="SKIP" signature="set()[pri:0, instance:testcases.Test_Integration_Login@51565ec2]" name="set" is-config="true" duration-ms="0" started-at="2020-06-19T16:51:27Z" finished-at="2020-06-19T16:51:27Z">
          <reporter-output>
          </reporter-output>
        </test-method> <!-- set -->
        <test-method status="SKIP" signature="done()[pri:0, instance:testcases.Test_Integration_Login@51565ec2]" name="done" is-config="true" duration-ms="0" started-at="2020-06-19T16:51:27Z" finished-at="2020-06-19T16:51:27Z">
          <reporter-output>
          </reporter-output>
        </test-method> <!-- done -->
        <test-method status="SKIP" signature="login_logout_from_Continue_Watching(java.lang.String, java.lang.String, java.lang.String, java.lang.String)[pri:2, instance:testcases.Test_Integration_Login@51565ec2]" name="login_logout_from_Continue_Watching" duration-ms="0" started-at="2020-06-19T16:51:27Z" data-provider="login_success" finished-at="2020-06-19T16:51:27Z">
          <params>
            <param index="0">
              <value>
                <![CDATA[/login]]>
              </value>
            </param>
            <param index="1">
              <value>
                <![CDATA[dikakoko04@gmail.com]]>
              </value>
            </param>
            <param index="2">
              <value>
                <![CDATA[dikakoko]]>
              </value>
            </param>
            <param index="3">
              <value>
                <![CDATA[dikakoko]]>
              </value>
            </param>
          </params>
          <reporter-output>
          </reporter-output>
        </test-method> <!-- login_logout_from_Continue_Watching -->
        <test-method status="SKIP" signature="done()[pri:0, instance:testcases.Test_Integration_Login@51565ec2]" name="done" is-config="true" duration-ms="0" started-at="2020-06-19T16:51:27Z" finished-at="2020-06-19T16:51:27Z">
          <reporter-output>
          </reporter-output>
        </test-method> <!-- done -->
        <test-method status="SKIP" signature="set()[pri:0, instance:testcases.Test_Integration_Login@51565ec2]" name="set" is-config="true" duration-ms="0" started-at="2020-06-19T16:51:27Z" finished-at="2020-06-19T16:51:27Z">
          <reporter-output>
          </reporter-output>
        </test-method> <!-- set -->
        <test-method status="SKIP" signature="login_logout_from_Continue_Watching(java.lang.String, java.lang.String, java.lang.String, java.lang.String)[pri:2, instance:testcases.Test_Integration_Login@51565ec2]" name="login_logout_from_Continue_Watching" duration-ms="0" started-at="2020-06-19T16:51:27Z" data-provider="login_success" finished-at="2020-06-19T16:51:27Z">
          <params>
            <param index="0">
              <value>
                <![CDATA[/login]]>
              </value>
            </param>
            <param index="1">
              <value>
                <![CDATA[082278843303]]>
              </value>
            </param>
            <param index="2">
              <value>
                <![CDATA[dikakoko]]>
              </value>
            </param>
            <param index="3">
              <value>
                <![CDATA[dikakokos]]>
              </value>
            </param>
          </params>
          <reporter-output>
          </reporter-output>
        </test-method> <!-- login_logout_from_Continue_Watching -->
        <test-method status="SKIP" signature="login_logout_from_account(java.lang.String, java.lang.String, java.lang.String, java.lang.String)[pri:2, instance:testcases.Test_Integration_Login@51565ec2]" name="login_logout_from_account" duration-ms="0" started-at="2020-06-19T16:51:27Z" data-provider="login_success" finished-at="2020-06-19T16:51:27Z">
          <params>
            <param index="0">
              <value>
                <![CDATA[/login]]>
              </value>
            </param>
            <param index="1">
              <value>
                <![CDATA[dikakoko04@gmail.com]]>
              </value>
            </param>
            <param index="2">
              <value>
                <![CDATA[dikakoko]]>
              </value>
            </param>
            <param index="3">
              <value>
                <![CDATA[dikakoko]]>
              </value>
            </param>
          </params>
          <reporter-output>
          </reporter-output>
        </test-method> <!-- login_logout_from_account -->
        <test-method status="SKIP" signature="set()[pri:0, instance:testcases.Test_Integration_Login@51565ec2]" name="set" is-config="true" duration-ms="0" started-at="2020-06-19T16:51:27Z" finished-at="2020-06-19T16:51:27Z">
          <reporter-output>
          </reporter-output>
        </test-method> <!-- set -->
        <test-method status="SKIP" signature="login_logout_from_account(java.lang.String, java.lang.String, java.lang.String, java.lang.String)[pri:2, instance:testcases.Test_Integration_Login@51565ec2]" name="login_logout_from_account" duration-ms="0" started-at="2020-06-19T16:51:27Z" data-provider="login_success" finished-at="2020-06-19T16:51:27Z">
          <params>
            <param index="0">
              <value>
                <![CDATA[/login]]>
              </value>
            </param>
            <param index="1">
              <value>
                <![CDATA[082278843303]]>
              </value>
            </param>
            <param index="2">
              <value>
                <![CDATA[dikakoko]]>
              </value>
            </param>
            <param index="3">
              <value>
                <![CDATA[dikakokos]]>
              </value>
            </param>
          </params>
          <reporter-output>
          </reporter-output>
        </test-method> <!-- login_logout_from_account -->
        <test-method status="SKIP" signature="done()[pri:0, instance:testcases.Test_Integration_Login@51565ec2]" name="done" is-config="true" duration-ms="0" started-at="2020-06-19T16:51:27Z" finished-at="2020-06-19T16:51:27Z">
          <reporter-output>
          </reporter-output>
        </test-method> <!-- done -->
        <test-method status="SKIP" signature="set()[pri:0, instance:testcases.Test_Integration_Login@51565ec2]" name="set" is-config="true" duration-ms="0" started-at="2020-06-19T16:51:27Z" finished-at="2020-06-19T16:51:27Z">
          <reporter-output>
          </reporter-output>
        </test-method> <!-- set -->
        <test-method status="SKIP" signature="done()[pri:0, instance:testcases.Test_Integration_Login@51565ec2]" name="done" is-config="true" duration-ms="0" started-at="2020-06-19T16:51:27Z" finished-at="2020-06-19T16:51:27Z">
          <reporter-output>
          </reporter-output>
        </test-method> <!-- done -->
        <test-method status="SKIP" signature="set()[pri:0, instance:testcases.Test_Integration_Login@51565ec2]" name="set" is-config="true" duration-ms="0" started-at="2020-06-19T16:51:27Z" finished-at="2020-06-19T16:51:27Z">
          <reporter-output>
          </reporter-output>
        </test-method> <!-- set -->
        <test-method status="SKIP" signature="login_logout_from_history(java.lang.String, java.lang.String, java.lang.String, java.lang.String)[pri:2, instance:testcases.Test_Integration_Login@51565ec2]" name="login_logout_from_history" duration-ms="1" started-at="2020-06-19T16:51:27Z" data-provider="login_success" finished-at="2020-06-19T16:51:27Z">
          <params>
            <param index="0">
              <value>
                <![CDATA[/login]]>
              </value>
            </param>
            <param index="1">
              <value>
                <![CDATA[dikakoko04@gmail.com]]>
              </value>
            </param>
            <param index="2">
              <value>
                <![CDATA[dikakoko]]>
              </value>
            </param>
            <param index="3">
              <value>
                <![CDATA[dikakoko]]>
              </value>
            </param>
          </params>
          <reporter-output>
          </reporter-output>
        </test-method> <!-- login_logout_from_history -->
        <test-method status="SKIP" signature="set()[pri:0, instance:testcases.Test_Integration_Login@51565ec2]" name="set" is-config="true" duration-ms="0" started-at="2020-06-19T16:51:27Z" finished-at="2020-06-19T16:51:27Z">
          <reporter-output>
          </reporter-output>
        </test-method> <!-- set -->
        <test-method status="SKIP" signature="done()[pri:0, instance:testcases.Test_Integration_Login@51565ec2]" name="done" is-config="true" duration-ms="0" started-at="2020-06-19T16:51:27Z" finished-at="2020-06-19T16:51:27Z">
          <reporter-output>
          </reporter-output>
        </test-method> <!-- done -->
        <test-method status="SKIP" signature="login_logout_from_history(java.lang.String, java.lang.String, java.lang.String, java.lang.String)[pri:2, instance:testcases.Test_Integration_Login@51565ec2]" name="login_logout_from_history" duration-ms="0" started-at="2020-06-19T16:51:27Z" data-provider="login_success" finished-at="2020-06-19T16:51:27Z">
          <params>
            <param index="0">
              <value>
                <![CDATA[/login]]>
              </value>
            </param>
            <param index="1">
              <value>
                <![CDATA[082278843303]]>
              </value>
            </param>
            <param index="2">
              <value>
                <![CDATA[dikakoko]]>
              </value>
            </param>
            <param index="3">
              <value>
                <![CDATA[dikakokos]]>
              </value>
            </param>
          </params>
          <reporter-output>
          </reporter-output>
        </test-method> <!-- login_logout_from_history -->
        <test-method status="SKIP" signature="done()[pri:0, instance:testcases.Test_Integration_Login@51565ec2]" name="done" is-config="true" duration-ms="0" started-at="2020-06-19T16:51:27Z" finished-at="2020-06-19T16:51:27Z">
          <reporter-output>
          </reporter-output>
        </test-method> <!-- done -->
        <test-method status="SKIP" signature="set()[pri:0, instance:testcases.Test_Integration_Login@51565ec2]" name="set" is-config="true" duration-ms="0" started-at="2020-06-19T16:51:27Z" finished-at="2020-06-19T16:51:27Z">
          <reporter-output>
          </reporter-output>
        </test-method> <!-- set -->
        <test-method status="SKIP" signature="login_logout_from_mylist(java.lang.String, java.lang.String, java.lang.String, java.lang.String)[pri:2, instance:testcases.Test_Integration_Login@51565ec2]" name="login_logout_from_mylist" duration-ms="0" started-at="2020-06-19T16:51:27Z" data-provider="login_success" finished-at="2020-06-19T16:51:27Z">
          <params>
            <param index="0">
              <value>
                <![CDATA[/login]]>
              </value>
            </param>
            <param index="1">
              <value>
                <![CDATA[dikakoko04@gmail.com]]>
              </value>
            </param>
            <param index="2">
              <value>
                <![CDATA[dikakoko]]>
              </value>
            </param>
            <param index="3">
              <value>
                <![CDATA[dikakoko]]>
              </value>
            </param>
          </params>
          <reporter-output>
          </reporter-output>
        </test-method> <!-- login_logout_from_mylist -->
        <test-method status="SKIP" signature="done()[pri:0, instance:testcases.Test_Integration_Login@51565ec2]" name="done" is-config="true" duration-ms="0" started-at="2020-06-19T16:51:27Z" finished-at="2020-06-19T16:51:27Z">
          <reporter-output>
          </reporter-output>
        </test-method> <!-- done -->
        <test-method status="SKIP" signature="login_logout_from_mylist(java.lang.String, java.lang.String, java.lang.String, java.lang.String)[pri:2, instance:testcases.Test_Integration_Login@51565ec2]" name="login_logout_from_mylist" duration-ms="0" started-at="2020-06-19T16:51:27Z" data-provider="login_success" finished-at="2020-06-19T16:51:27Z">
          <params>
            <param index="0">
              <value>
                <![CDATA[/login]]>
              </value>
            </param>
            <param index="1">
              <value>
                <![CDATA[082278843303]]>
              </value>
            </param>
            <param index="2">
              <value>
                <![CDATA[dikakoko]]>
              </value>
            </param>
            <param index="3">
              <value>
                <![CDATA[dikakokos]]>
              </value>
            </param>
          </params>
          <reporter-output>
          </reporter-output>
        </test-method> <!-- login_logout_from_mylist -->
        <test-method status="SKIP" signature="set()[pri:0, instance:testcases.Test_Integration_Login@51565ec2]" name="set" is-config="true" duration-ms="0" started-at="2020-06-19T16:51:27Z" finished-at="2020-06-19T16:51:27Z">
          <reporter-output>
          </reporter-output>
        </test-method> <!-- set -->
        <test-method status="SKIP" signature="done()[pri:0, instance:testcases.Test_Integration_Login@51565ec2]" name="done" is-config="true" duration-ms="0" started-at="2020-06-19T16:51:27Z" finished-at="2020-06-19T16:51:27Z">
          <reporter-output>
          </reporter-output>
        </test-method> <!-- done -->
      </class> <!-- testcases.Test_Integration_Login -->
    </test> <!-- Test -->
  </suite> <!-- Suite -->
</testng-results>
