<?xml version="1.0" encoding="UTF-8"?>
<testng-results skipped="20" failed="1" total="22" passed="1">
  <reporter-output>
  </reporter-output>
  <suite name="Suite" duration-ms="106506" started-at="2020-06-19T12:01:22Z" finished-at="2020-06-19T12:03:09Z">
    <groups>
    </groups>
    <test name="Test" duration-ms="106506" started-at="2020-06-19T12:01:22Z" finished-at="2020-06-19T12:03:09Z">
      <class name="testcases.Test_Login">
        <test-method status="PASS" signature="set()[pri:0, instance:testcases.Test_Login@20322d26]" name="set" is-config="true" duration-ms="2058" started-at="2020-06-19T19:01:23Z" finished-at="2020-06-19T19:01:25Z">
          <reporter-output>
          </reporter-output>
        </test-method> <!-- set -->
        <test-method status="PASS" signature="login_alert_popup(java.lang.String, java.lang.String, java.lang.String, java.lang.String)[pri:2, instance:testcases.Test_Login@20322d26]" name="login_alert_popup" duration-ms="29546" started-at="2020-06-19T19:01:25Z" data-provider="login_alert_popup" finished-at="2020-06-19T19:01:55Z">
          <params>
            <param index="0">
              <value>
                <![CDATA[/login]]>
              </value>
            </param>
            <param index="1">
              <value>
                <![CDATA[dixosgadpoyt@gmail.com]]>
              </value>
            </param>
            <param index="2">
              <value>
                <![CDATA[passwordslah]]>
              </value>
            </param>
            <param index="3">
              <value>
                <![CDATA[User has not been registered]]>
              </value>
            </param>
          </params>
          <reporter-output>
          </reporter-output>
        </test-method> <!-- login_alert_popup -->
        <test-method status="PASS" signature="done()[pri:0, instance:testcases.Test_Login@20322d26]" name="done" is-config="true" duration-ms="111" started-at="2020-06-19T19:01:55Z" finished-at="2020-06-19T19:01:55Z">
          <reporter-output>
          </reporter-output>
        </test-method> <!-- done -->
        <test-method status="PASS" signature="set()[pri:0, instance:testcases.Test_Login@20322d26]" name="set" is-config="true" duration-ms="923" started-at="2020-06-19T19:01:55Z" finished-at="2020-06-19T19:01:56Z">
          <reporter-output>
          </reporter-output>
        </test-method> <!-- set -->
        <test-method status="FAIL" signature="login_alert_popup(java.lang.String, java.lang.String, java.lang.String, java.lang.String)[pri:2, instance:testcases.Test_Login@20322d26]" name="login_alert_popup" duration-ms="32246" started-at="2020-06-19T19:01:56Z" data-provider="login_alert_popup" finished-at="2020-06-19T19:02:28Z">
          <params>
            <param index="0">
              <value>
                <![CDATA[/login]]>
              </value>
            </param>
            <param index="1">
              <value>
                <![CDATA[628229098776544]]>
              </value>
            </param>
            <param index="2">
              <value>
                <![CDATA[passwordslah]]>
              </value>
            </param>
            <param index="3">
              <value>
                <![CDATA[User has not been registered]]>
              </value>
            </param>
          </params>
          <exception class="org.openqa.selenium.json.JsonException">
            <message>
              <![CDATA[Unable to determine type from: <. Last 1 characters read: <
Build info: version: '3.141.59', revision: 'e82be7d358', time: '2018-11-14T08:17:03'
System info: host: 'MNCTVN05589', ip: '192.168.43.28', os.name: 'Windows 10', os.arch: 'amd64', os.version: '10.0', java.version: '1.8.0_221'
Driver info: driver.version: RemoteWebDriver]]>
            </message>
            <full-stacktrace>
              <![CDATA[org.openqa.selenium.json.JsonException: Unable to determine type from: <. Last 1 characters read: <
Build info: version: '3.141.59', revision: 'e82be7d358', time: '2018-11-14T08:17:03'
System info: host: 'MNCTVN05589', ip: '192.168.43.28', os.name: 'Windows 10', os.arch: 'amd64', os.version: '10.0', java.version: '1.8.0_221'
Driver info: driver.version: RemoteWebDriver
	at org.openqa.selenium.json.JsonInput.peek(JsonInput.java:122)
	at org.openqa.selenium.json.JsonTypeCoercer.lambda$null$6(JsonTypeCoercer.java:140)
	at org.openqa.selenium.json.JsonTypeCoercer.coerce(JsonTypeCoercer.java:126)
	at org.openqa.selenium.json.Json.toType(Json.java:69)
	at org.openqa.selenium.json.Json.toType(Json.java:55)
	at org.openqa.selenium.json.Json.toType(Json.java:50)
	at org.openqa.selenium.remote.http.W3CHttpResponseCodec.decode(W3CHttpResponseCodec.java:87)
	at org.openqa.selenium.remote.http.W3CHttpResponseCodec.decode(W3CHttpResponseCodec.java:49)
	at org.openqa.selenium.remote.HttpCommandExecutor.execute(HttpCommandExecutor.java:158)
	at org.openqa.selenium.remote.RemoteWebDriver.execute(RemoteWebDriver.java:552)
	at org.openqa.selenium.remote.RemoteWebDriver.get(RemoteWebDriver.java:277)
	at config.Url.urls(Url.java:21)
	at testcases.Test_Login.login_alert_popup(Test_Login.java:52)
	at sun.reflect.NativeMethodAccessorImpl.invoke0(Native Method)
	at sun.reflect.NativeMethodAccessorImpl.invoke(Unknown Source)
	at sun.reflect.DelegatingMethodAccessorImpl.invoke(Unknown Source)
	at java.lang.reflect.Method.invoke(Unknown Source)
	at org.testng.internal.MethodInvocationHelper.invokeMethod(MethodInvocationHelper.java:86)
	at org.testng.internal.Invoker.invokeMethod(Invoker.java:643)
	at org.testng.internal.Invoker.invokeTestMethod(Invoker.java:820)
	at org.testng.internal.Invoker.invokeTestMethods(Invoker.java:1128)
	at org.testng.internal.TestMethodWorker.invokeTestMethods(TestMethodWorker.java:129)
	at org.testng.internal.TestMethodWorker.run(TestMethodWorker.java:112)
	at org.testng.TestRunner.privateRun(TestRunner.java:782)
	at org.testng.TestRunner.run(TestRunner.java:632)
	at org.testng.SuiteRunner.runTest(SuiteRunner.java:366)
	at org.testng.SuiteRunner.runSequentially(SuiteRunner.java:361)
	at org.testng.SuiteRunner.privateRun(SuiteRunner.java:319)
	at org.testng.SuiteRunner.run(SuiteRunner.java:268)
	at org.testng.SuiteRunnerWorker.runSuite(SuiteRunnerWorker.java:52)
	at org.testng.SuiteRunnerWorker.run(SuiteRunnerWorker.java:86)
	at org.testng.TestNG.runSuitesSequentially(TestNG.java:1244)
	at org.testng.TestNG.runSuitesLocally(TestNG.java:1169)
	at org.testng.TestNG.run(TestNG.java:1064)
	at org.testng.remote.AbstractRemoteTestNG.run(AbstractRemoteTestNG.java:132)
	at org.testng.remote.RemoteTestNG.initAndRun(RemoteTestNG.java:236)
	at org.testng.remote.RemoteTestNG.main(RemoteTestNG.java:81)
]]>
            </full-stacktrace>
          </exception> <!-- org.openqa.selenium.json.JsonException -->
          <reporter-output>
          </reporter-output>
        </test-method> <!-- login_alert_popup -->
        <test-method status="FAIL" signature="done()[pri:0, instance:testcases.Test_Login@20322d26]" name="done" is-config="true" duration-ms="0" started-at="2020-06-19T19:02:28Z" finished-at="2020-06-19T19:02:28Z">
          <exception class="org.openqa.selenium.json.JsonException">
            <message>
              <![CDATA[Unable to determine type from: <. Last 1 characters read: <
Build info: version: '3.141.59', revision: 'e82be7d358', time: '2018-11-14T08:17:03'
System info: host: 'MNCTVN05589', ip: '192.168.43.28', os.name: 'Windows 10', os.arch: 'amd64', os.version: '10.0', java.version: '1.8.0_221'
Driver info: driver.version: RemoteWebDriver]]>
            </message>
            <full-stacktrace>
              <![CDATA[org.openqa.selenium.json.JsonException: Unable to determine type from: <. Last 1 characters read: <
Build info: version: '3.141.59', revision: 'e82be7d358', time: '2018-11-14T08:17:03'
System info: host: 'MNCTVN05589', ip: '192.168.43.28', os.name: 'Windows 10', os.arch: 'amd64', os.version: '10.0', java.version: '1.8.0_221'
Driver info: driver.version: RemoteWebDriver
	at org.openqa.selenium.json.JsonInput.peek(JsonInput.java:122)
	at org.openqa.selenium.json.JsonTypeCoercer.lambda$null$6(JsonTypeCoercer.java:140)
	at org.openqa.selenium.json.JsonTypeCoercer.coerce(JsonTypeCoercer.java:126)
	at org.openqa.selenium.json.Json.toType(Json.java:69)
	at org.openqa.selenium.json.Json.toType(Json.java:55)
	at org.openqa.selenium.json.Json.toType(Json.java:50)
	at org.openqa.selenium.remote.http.W3CHttpResponseCodec.decode(W3CHttpResponseCodec.java:87)
	at org.openqa.selenium.remote.http.W3CHttpResponseCodec.decode(W3CHttpResponseCodec.java:49)
	at org.openqa.selenium.remote.HttpCommandExecutor.execute(HttpCommandExecutor.java:158)
	at org.openqa.selenium.remote.RemoteWebDriver.execute(RemoteWebDriver.java:552)
	at org.openqa.selenium.remote.RemoteWebDriver.execute(RemoteWebDriver.java:609)
	at org.openqa.selenium.remote.RemoteWebDriver.quit(RemoteWebDriver.java:452)
	at config.Setup.done(Setup.java:43)
	at sun.reflect.NativeMethodAccessorImpl.invoke0(Native Method)
	at sun.reflect.NativeMethodAccessorImpl.invoke(Unknown Source)
	at sun.reflect.DelegatingMethodAccessorImpl.invoke(Unknown Source)
	at java.lang.reflect.Method.invoke(Unknown Source)
	at org.testng.internal.MethodInvocationHelper.invokeMethod(MethodInvocationHelper.java:86)
	at org.testng.internal.Invoker.invokeConfigurationMethod(Invoker.java:514)
	at org.testng.internal.Invoker.invokeConfigurations(Invoker.java:215)
	at org.testng.internal.Invoker.invokeMethod(Invoker.java:707)
	at org.testng.internal.Invoker.invokeTestMethod(Invoker.java:820)
	at org.testng.internal.Invoker.invokeTestMethods(Invoker.java:1128)
	at org.testng.internal.TestMethodWorker.invokeTestMethods(TestMethodWorker.java:129)
	at org.testng.internal.TestMethodWorker.run(TestMethodWorker.java:112)
	at org.testng.TestRunner.privateRun(TestRunner.java:782)
	at org.testng.TestRunner.run(TestRunner.java:632)
	at org.testng.SuiteRunner.runTest(SuiteRunner.java:366)
	at org.testng.SuiteRunner.runSequentially(SuiteRunner.java:361)
	at org.testng.SuiteRunner.privateRun(SuiteRunner.java:319)
	at org.testng.SuiteRunner.run(SuiteRunner.java:268)
	at org.testng.SuiteRunnerWorker.runSuite(SuiteRunnerWorker.java:52)
	at org.testng.SuiteRunnerWorker.run(SuiteRunnerWorker.java:86)
	at org.testng.TestNG.runSuitesSequentially(TestNG.java:1244)
	at org.testng.TestNG.runSuitesLocally(TestNG.java:1169)
	at org.testng.TestNG.run(TestNG.java:1064)
	at org.testng.remote.AbstractRemoteTestNG.run(AbstractRemoteTestNG.java:132)
	at org.testng.remote.RemoteTestNG.initAndRun(RemoteTestNG.java:236)
	at org.testng.remote.RemoteTestNG.main(RemoteTestNG.java:81)
]]>
            </full-stacktrace>
          </exception> <!-- org.openqa.selenium.json.JsonException -->
          <reporter-output>
          </reporter-output>
        </test-method> <!-- done -->
        <test-method status="SKIP" signature="set()[pri:0, instance:testcases.Test_Login@20322d26]" name="set" is-config="true" duration-ms="0" started-at="2020-06-19T19:03:08Z" finished-at="2020-06-19T19:03:08Z">
          <reporter-output>
          </reporter-output>
        </test-method> <!-- set -->
        <test-method status="SKIP" signature="login_logout(java.lang.String, java.lang.String, java.lang.String, java.lang.String)[pri:4, instance:testcases.Test_Login@20322d26]" name="login_logout" duration-ms="2" started-at="2020-06-19T19:03:08Z" data-provider="login_success" finished-at="2020-06-19T19:03:08Z">
          <params>
            <param index="0">
              <value>
                <![CDATA[/login]]>
              </value>
            </param>
            <param index="1">
              <value>
                <![CDATA[dikakoko04@gmail.com]]>
              </value>
            </param>
            <param index="2">
              <value>
                <![CDATA[dikakoko]]>
              </value>
            </param>
            <param index="3">
              <value>
                <![CDATA[dikakoko]]>
              </value>
            </param>
          </params>
          <reporter-output>
          </reporter-output>
        </test-method> <!-- login_logout -->
        <test-method status="SKIP" signature="done()[pri:0, instance:testcases.Test_Login@20322d26]" name="done" is-config="true" duration-ms="0" started-at="2020-06-19T19:03:08Z" finished-at="2020-06-19T19:03:08Z">
          <reporter-output>
          </reporter-output>
        </test-method> <!-- done -->
        <test-method status="SKIP" signature="set()[pri:0, instance:testcases.Test_Login@20322d26]" name="set" is-config="true" duration-ms="0" started-at="2020-06-19T19:03:08Z" finished-at="2020-06-19T19:03:08Z">
          <reporter-output>
          </reporter-output>
        </test-method> <!-- set -->
        <test-method status="SKIP" signature="login_logout(java.lang.String, java.lang.String, java.lang.String, java.lang.String)[pri:4, instance:testcases.Test_Login@20322d26]" name="login_logout" duration-ms="2" started-at="2020-06-19T19:03:08Z" data-provider="login_success" finished-at="2020-06-19T19:03:08Z">
          <params>
            <param index="0">
              <value>
                <![CDATA[/login]]>
              </value>
            </param>
            <param index="1">
              <value>
                <![CDATA[082278843303]]>
              </value>
            </param>
            <param index="2">
              <value>
                <![CDATA[dikakoko]]>
              </value>
            </param>
            <param index="3">
              <value>
                <![CDATA[dikakokos]]>
              </value>
            </param>
          </params>
          <reporter-output>
          </reporter-output>
        </test-method> <!-- login_logout -->
        <test-method status="SKIP" signature="done()[pri:0, instance:testcases.Test_Login@20322d26]" name="done" is-config="true" duration-ms="0" started-at="2020-06-19T19:03:08Z" finished-at="2020-06-19T19:03:08Z">
          <reporter-output>
          </reporter-output>
        </test-method> <!-- done -->
      </class> <!-- testcases.Test_Login -->
      <class name="testcases.Test_Integration_Login">
        <test-method status="SKIP" signature="set()[pri:0, instance:testcases.Test_Integration_Login@64bfbc86]" name="set" is-config="true" duration-ms="0" started-at="2020-06-19T19:03:08Z" finished-at="2020-06-19T19:03:08Z">
          <reporter-output>
          </reporter-output>
        </test-method> <!-- set -->
        <test-method status="SKIP" signature="login_logout_from_Continue_Watching(java.lang.String, java.lang.String, java.lang.String, java.lang.String)[pri:2, instance:testcases.Test_Integration_Login@64bfbc86]" name="login_logout_from_Continue_Watching" duration-ms="0" started-at="2020-06-19T19:03:08Z" data-provider="login_success" finished-at="2020-06-19T19:03:08Z">
          <params>
            <param index="0">
              <value>
                <![CDATA[/login]]>
              </value>
            </param>
            <param index="1">
              <value>
                <![CDATA[dikakoko04@gmail.com]]>
              </value>
            </param>
            <param index="2">
              <value>
                <![CDATA[dikakoko]]>
              </value>
            </param>
            <param index="3">
              <value>
                <![CDATA[dikakoko]]>
              </value>
            </param>
          </params>
          <reporter-output>
          </reporter-output>
        </test-method> <!-- login_logout_from_Continue_Watching -->
        <test-method status="SKIP" signature="done()[pri:0, instance:testcases.Test_Integration_Login@64bfbc86]" name="done" is-config="true" duration-ms="0" started-at="2020-06-19T19:03:08Z" finished-at="2020-06-19T19:03:08Z">
          <reporter-output>
          </reporter-output>
        </test-method> <!-- done -->
        <test-method status="SKIP" signature="set()[pri:0, instance:testcases.Test_Integration_Login@64bfbc86]" name="set" is-config="true" duration-ms="0" started-at="2020-06-19T19:03:08Z" finished-at="2020-06-19T19:03:08Z">
          <reporter-output>
          </reporter-output>
        </test-method> <!-- set -->
        <test-method status="SKIP" signature="login_logout_from_Continue_Watching(java.lang.String, java.lang.String, java.lang.String, java.lang.String)[pri:2, instance:testcases.Test_Integration_Login@64bfbc86]" name="login_logout_from_Continue_Watching" duration-ms="2" started-at="2020-06-19T19:03:08Z" data-provider="login_success" finished-at="2020-06-19T19:03:08Z">
          <params>
            <param index="0">
              <value>
                <![CDATA[/login]]>
              </value>
            </param>
            <param index="1">
              <value>
                <![CDATA[082278843303]]>
              </value>
            </param>
            <param index="2">
              <value>
                <![CDATA[dikakoko]]>
              </value>
            </param>
            <param index="3">
              <value>
                <![CDATA[dikakokos]]>
              </value>
            </param>
          </params>
          <reporter-output>
          </reporter-output>
        </test-method> <!-- login_logout_from_Continue_Watching -->
        <test-method status="SKIP" signature="done()[pri:0, instance:testcases.Test_Integration_Login@64bfbc86]" name="done" is-config="true" duration-ms="0" started-at="2020-06-19T19:03:08Z" finished-at="2020-06-19T19:03:08Z">
          <reporter-output>
          </reporter-output>
        </test-method> <!-- done -->
        <test-method status="SKIP" signature="set()[pri:0, instance:testcases.Test_Integration_Login@64bfbc86]" name="set" is-config="true" duration-ms="0" started-at="2020-06-19T19:03:09Z" finished-at="2020-06-19T19:03:09Z">
          <reporter-output>
          </reporter-output>
        </test-method> <!-- set -->
        <test-method status="SKIP" signature="login_logout_from_account(java.lang.String, java.lang.String, java.lang.String, java.lang.String)[pri:2, instance:testcases.Test_Integration_Login@64bfbc86]" name="login_logout_from_account" duration-ms="1" started-at="2020-06-19T19:03:09Z" data-provider="login_success" finished-at="2020-06-19T19:03:09Z">
          <params>
            <param index="0">
              <value>
                <![CDATA[/login]]>
              </value>
            </param>
            <param index="1">
              <value>
                <![CDATA[dikakoko04@gmail.com]]>
              </value>
            </param>
            <param index="2">
              <value>
                <![CDATA[dikakoko]]>
              </value>
            </param>
            <param index="3">
              <value>
                <![CDATA[dikakoko]]>
              </value>
            </param>
          </params>
          <reporter-output>
          </reporter-output>
        </test-method> <!-- login_logout_from_account -->
        <test-method status="SKIP" signature="done()[pri:0, instance:testcases.Test_Integration_Login@64bfbc86]" name="done" is-config="true" duration-ms="0" started-at="2020-06-19T19:03:09Z" finished-at="2020-06-19T19:03:09Z">
          <reporter-output>
          </reporter-output>
        </test-method> <!-- done -->
        <test-method status="SKIP" signature="set()[pri:0, instance:testcases.Test_Integration_Login@64bfbc86]" name="set" is-config="true" duration-ms="0" started-at="2020-06-19T19:03:09Z" finished-at="2020-06-19T19:03:09Z">
          <reporter-output>
          </reporter-output>
        </test-method> <!-- set -->
        <test-method status="SKIP" signature="login_logout_from_account(java.lang.String, java.lang.String, java.lang.String, java.lang.String)[pri:2, instance:testcases.Test_Integration_Login@64bfbc86]" name="login_logout_from_account" duration-ms="1" started-at="2020-06-19T19:03:09Z" data-provider="login_success" finished-at="2020-06-19T19:03:09Z">
          <params>
            <param index="0">
              <value>
                <![CDATA[/login]]>
              </value>
            </param>
            <param index="1">
              <value>
                <![CDATA[082278843303]]>
              </value>
            </param>
            <param index="2">
              <value>
                <![CDATA[dikakoko]]>
              </value>
            </param>
            <param index="3">
              <value>
                <![CDATA[dikakokos]]>
              </value>
            </param>
          </params>
          <reporter-output>
          </reporter-output>
        </test-method> <!-- login_logout_from_account -->
        <test-method status="SKIP" signature="done()[pri:0, instance:testcases.Test_Integration_Login@64bfbc86]" name="done" is-config="true" duration-ms="0" started-at="2020-06-19T19:03:09Z" finished-at="2020-06-19T19:03:09Z">
          <reporter-output>
          </reporter-output>
        </test-method> <!-- done -->
        <test-method status="SKIP" signature="set()[pri:0, instance:testcases.Test_Integration_Login@64bfbc86]" name="set" is-config="true" duration-ms="0" started-at="2020-06-19T19:03:09Z" finished-at="2020-06-19T19:03:09Z">
          <reporter-output>
          </reporter-output>
        </test-method> <!-- set -->
        <test-method status="SKIP" signature="login_logout_from_history(java.lang.String, java.lang.String, java.lang.String, java.lang.String)[pri:2, instance:testcases.Test_Integration_Login@64bfbc86]" name="login_logout_from_history" duration-ms="1" started-at="2020-06-19T19:03:09Z" data-provider="login_success" finished-at="2020-06-19T19:03:09Z">
          <params>
            <param index="0">
              <value>
                <![CDATA[/login]]>
              </value>
            </param>
            <param index="1">
              <value>
                <![CDATA[dikakoko04@gmail.com]]>
              </value>
            </param>
            <param index="2">
              <value>
                <![CDATA[dikakoko]]>
              </value>
            </param>
            <param index="3">
              <value>
                <![CDATA[dikakoko]]>
              </value>
            </param>
          </params>
          <reporter-output>
          </reporter-output>
        </test-method> <!-- login_logout_from_history -->
        <test-method status="SKIP" signature="done()[pri:0, instance:testcases.Test_Integration_Login@64bfbc86]" name="done" is-config="true" duration-ms="0" started-at="2020-06-19T19:03:09Z" finished-at="2020-06-19T19:03:09Z">
          <reporter-output>
          </reporter-output>
        </test-method> <!-- done -->
        <test-method status="SKIP" signature="set()[pri:0, instance:testcases.Test_Integration_Login@64bfbc86]" name="set" is-config="true" duration-ms="0" started-at="2020-06-19T19:03:09Z" finished-at="2020-06-19T19:03:09Z">
          <reporter-output>
          </reporter-output>
        </test-method> <!-- set -->
        <test-method status="SKIP" signature="login_logout_from_history(java.lang.String, java.lang.String, java.lang.String, java.lang.String)[pri:2, instance:testcases.Test_Integration_Login@64bfbc86]" name="login_logout_from_history" duration-ms="1" started-at="2020-06-19T19:03:09Z" data-provider="login_success" finished-at="2020-06-19T19:03:09Z">
          <params>
            <param index="0">
              <value>
                <![CDATA[/login]]>
              </value>
            </param>
            <param index="1">
              <value>
                <![CDATA[082278843303]]>
              </value>
            </param>
            <param index="2">
              <value>
                <![CDATA[dikakoko]]>
              </value>
            </param>
            <param index="3">
              <value>
                <![CDATA[dikakokos]]>
              </value>
            </param>
          </params>
          <reporter-output>
          </reporter-output>
        </test-method> <!-- login_logout_from_history -->
        <test-method status="SKIP" signature="done()[pri:0, instance:testcases.Test_Integration_Login@64bfbc86]" name="done" is-config="true" duration-ms="0" started-at="2020-06-19T19:03:09Z" finished-at="2020-06-19T19:03:09Z">
          <reporter-output>
          </reporter-output>
        </test-method> <!-- done -->
        <test-method status="SKIP" signature="set()[pri:0, instance:testcases.Test_Integration_Login@64bfbc86]" name="set" is-config="true" duration-ms="0" started-at="2020-06-19T19:03:09Z" finished-at="2020-06-19T19:03:09Z">
          <reporter-output>
          </reporter-output>
        </test-method> <!-- set -->
        <test-method status="SKIP" signature="login_logout_from_mylist(java.lang.String, java.lang.String, java.lang.String, java.lang.String)[pri:2, instance:testcases.Test_Integration_Login@64bfbc86]" name="login_logout_from_mylist" duration-ms="0" started-at="2020-06-19T19:03:09Z" data-provider="login_success" finished-at="2020-06-19T19:03:09Z">
          <params>
            <param index="0">
              <value>
                <![CDATA[/login]]>
              </value>
            </param>
            <param index="1">
              <value>
                <![CDATA[dikakoko04@gmail.com]]>
              </value>
            </param>
            <param index="2">
              <value>
                <![CDATA[dikakoko]]>
              </value>
            </param>
            <param index="3">
              <value>
                <![CDATA[dikakoko]]>
              </value>
            </param>
          </params>
          <reporter-output>
          </reporter-output>
        </test-method> <!-- login_logout_from_mylist -->
        <test-method status="SKIP" signature="done()[pri:0, instance:testcases.Test_Integration_Login@64bfbc86]" name="done" is-config="true" duration-ms="0" started-at="2020-06-19T19:03:09Z" finished-at="2020-06-19T19:03:09Z">
          <reporter-output>
          </reporter-output>
        </test-method> <!-- done -->
        <test-method status="SKIP" signature="set()[pri:0, instance:testcases.Test_Integration_Login@64bfbc86]" name="set" is-config="true" duration-ms="0" started-at="2020-06-19T19:03:09Z" finished-at="2020-06-19T19:03:09Z">
          <reporter-output>
          </reporter-output>
        </test-method> <!-- set -->
        <test-method status="SKIP" signature="login_logout_from_mylist(java.lang.String, java.lang.String, java.lang.String, java.lang.String)[pri:2, instance:testcases.Test_Integration_Login@64bfbc86]" name="login_logout_from_mylist" duration-ms="1" started-at="2020-06-19T19:03:09Z" data-provider="login_success" finished-at="2020-06-19T19:03:09Z">
          <params>
            <param index="0">
              <value>
                <![CDATA[/login]]>
              </value>
            </param>
            <param index="1">
              <value>
                <![CDATA[082278843303]]>
              </value>
            </param>
            <param index="2">
              <value>
                <![CDATA[dikakoko]]>
              </value>
            </param>
            <param index="3">
              <value>
                <![CDATA[dikakokos]]>
              </value>
            </param>
          </params>
          <reporter-output>
          </reporter-output>
        </test-method> <!-- login_logout_from_mylist -->
        <test-method status="SKIP" signature="done()[pri:0, instance:testcases.Test_Integration_Login@64bfbc86]" name="done" is-config="true" duration-ms="0" started-at="2020-06-19T19:03:09Z" finished-at="2020-06-19T19:03:09Z">
          <reporter-output>
          </reporter-output>
        </test-method> <!-- done -->
      </class> <!-- testcases.Test_Integration_Login -->
      <class name="testcases.Test_List_Menu_Account">
        <test-method status="SKIP" signature="set()[pri:0, instance:testcases.Test_List_Menu_Account@192b07fd]" name="set" is-config="true" duration-ms="0" started-at="2020-06-19T19:03:08Z" finished-at="2020-06-19T19:03:08Z">
          <reporter-output>
          </reporter-output>
        </test-method> <!-- set -->
        <test-method status="SKIP" signature="menu_account_not_login_button_login()[pri:0, instance:testcases.Test_List_Menu_Account@192b07fd]" name="menu_account_not_login_button_login" duration-ms="1" started-at="2020-06-19T19:03:08Z" finished-at="2020-06-19T19:03:08Z">
          <reporter-output>
          </reporter-output>
        </test-method> <!-- menu_account_not_login_button_login -->
        <test-method status="SKIP" signature="done()[pri:0, instance:testcases.Test_List_Menu_Account@192b07fd]" name="done" is-config="true" duration-ms="0" started-at="2020-06-19T19:03:08Z" finished-at="2020-06-19T19:03:08Z">
          <reporter-output>
          </reporter-output>
        </test-method> <!-- done -->
        <test-method status="SKIP" signature="set()[pri:0, instance:testcases.Test_List_Menu_Account@192b07fd]" name="set" is-config="true" duration-ms="0" started-at="2020-06-19T19:03:08Z" finished-at="2020-06-19T19:03:08Z">
          <reporter-output>
          </reporter-output>
        </test-method> <!-- set -->
        <test-method status="SKIP" signature="menu_account_not_login_button_scan_qrcode()[pri:1, instance:testcases.Test_List_Menu_Account@192b07fd]" name="menu_account_not_login_button_scan_qrcode" duration-ms="1" started-at="2020-06-19T19:03:08Z" finished-at="2020-06-19T19:03:08Z">
          <reporter-output>
          </reporter-output>
        </test-method> <!-- menu_account_not_login_button_scan_qrcode -->
        <test-method status="SKIP" signature="done()[pri:0, instance:testcases.Test_List_Menu_Account@192b07fd]" name="done" is-config="true" duration-ms="0" started-at="2020-06-19T19:03:08Z" finished-at="2020-06-19T19:03:08Z">
          <reporter-output>
          </reporter-output>
        </test-method> <!-- done -->
        <test-method status="SKIP" signature="set()[pri:0, instance:testcases.Test_List_Menu_Account@192b07fd]" name="set" is-config="true" duration-ms="0" started-at="2020-06-19T19:03:08Z" finished-at="2020-06-19T19:03:08Z">
          <reporter-output>
          </reporter-output>
        </test-method> <!-- set -->
        <test-method status="SKIP" signature="menu_account_not_login_popup_login(java.lang.String, java.lang.String, java.lang.String)[pri:2, instance:testcases.Test_List_Menu_Account@192b07fd]" name="menu_account_not_login_popup_login" duration-ms="2" started-at="2020-06-19T19:03:08Z" data-provider="list_menu_account_popup_login" finished-at="2020-06-19T19:03:08Z">
          <params>
            <param index="0">
              <value>
                <![CDATA[history]]>
              </value>
            </param>
            <param index="1">
              <value>
                <![CDATA[Sign Up]]>
              </value>
            </param>
            <param index="2">
              <value>
                <![CDATA[Sign In]]>
              </value>
            </param>
          </params>
          <reporter-output>
          </reporter-output>
        </test-method> <!-- menu_account_not_login_popup_login -->
        <test-method status="SKIP" signature="done()[pri:0, instance:testcases.Test_List_Menu_Account@192b07fd]" name="done" is-config="true" duration-ms="0" started-at="2020-06-19T19:03:08Z" finished-at="2020-06-19T19:03:08Z">
          <reporter-output>
          </reporter-output>
        </test-method> <!-- done -->
        <test-method status="SKIP" signature="set()[pri:0, instance:testcases.Test_List_Menu_Account@192b07fd]" name="set" is-config="true" duration-ms="0" started-at="2020-06-19T19:03:08Z" finished-at="2020-06-19T19:03:08Z">
          <reporter-output>
          </reporter-output>
        </test-method> <!-- set -->
        <test-method status="SKIP" signature="menu_account_not_login_popup_login(java.lang.String, java.lang.String, java.lang.String)[pri:2, instance:testcases.Test_List_Menu_Account@192b07fd]" name="menu_account_not_login_popup_login" duration-ms="1" started-at="2020-06-19T19:03:08Z" data-provider="list_menu_account_popup_login" finished-at="2020-06-19T19:03:08Z">
          <params>
            <param index="0">
              <value>
                <![CDATA[mylist]]>
              </value>
            </param>
            <param index="1">
              <value>
                <![CDATA[Sign Up]]>
              </value>
            </param>
            <param index="2">
              <value>
                <![CDATA[Sign In]]>
              </value>
            </param>
          </params>
          <reporter-output>
          </reporter-output>
        </test-method> <!-- menu_account_not_login_popup_login -->
        <test-method status="SKIP" signature="done()[pri:0, instance:testcases.Test_List_Menu_Account@192b07fd]" name="done" is-config="true" duration-ms="0" started-at="2020-06-19T19:03:08Z" finished-at="2020-06-19T19:03:08Z">
          <reporter-output>
          </reporter-output>
        </test-method> <!-- done -->
        <test-method status="SKIP" signature="set()[pri:0, instance:testcases.Test_List_Menu_Account@192b07fd]" name="set" is-config="true" duration-ms="0" started-at="2020-06-19T19:03:08Z" finished-at="2020-06-19T19:03:08Z">
          <reporter-output>
          </reporter-output>
        </test-method> <!-- set -->
        <test-method status="SKIP" signature="menu_account_not_login_popup_login(java.lang.String, java.lang.String, java.lang.String)[pri:2, instance:testcases.Test_List_Menu_Account@192b07fd]" name="menu_account_not_login_popup_login" duration-ms="1" started-at="2020-06-19T19:03:08Z" data-provider="list_menu_account_popup_login" finished-at="2020-06-19T19:03:08Z">
          <params>
            <param index="0">
              <value>
                <![CDATA[continue-watching]]>
              </value>
            </param>
            <param index="1">
              <value>
                <![CDATA[Sign Up]]>
              </value>
            </param>
            <param index="2">
              <value>
                <![CDATA[Sign In]]>
              </value>
            </param>
          </params>
          <reporter-output>
          </reporter-output>
        </test-method> <!-- menu_account_not_login_popup_login -->
        <test-method status="SKIP" signature="done()[pri:0, instance:testcases.Test_List_Menu_Account@192b07fd]" name="done" is-config="true" duration-ms="0" started-at="2020-06-19T19:03:08Z" finished-at="2020-06-19T19:03:08Z">
          <reporter-output>
          </reporter-output>
        </test-method> <!-- done -->
        <test-method status="SKIP" signature="set()[pri:0, instance:testcases.Test_List_Menu_Account@192b07fd]" name="set" is-config="true" duration-ms="0" started-at="2020-06-19T19:03:08Z" finished-at="2020-06-19T19:03:08Z">
          <reporter-output>
          </reporter-output>
        </test-method> <!-- set -->
        <test-method status="SKIP" signature="menu_account_not_login_button_menu_direct(java.lang.String, java.lang.String)[pri:3, instance:testcases.Test_List_Menu_Account@192b07fd]" name="menu_account_not_login_button_menu_direct" duration-ms="1" started-at="2020-06-19T19:03:08Z" data-provider="list_menu_account_direct" finished-at="2020-06-19T19:03:08Z">
          <params>
            <param index="0">
              <value>
                <![CDATA[tnc]]>
              </value>
            </param>
            <param index="1">
              <value>
                <![CDATA[Terms and Conditions]]>
              </value>
            </param>
          </params>
          <reporter-output>
          </reporter-output>
        </test-method> <!-- menu_account_not_login_button_menu_direct -->
        <test-method status="SKIP" signature="done()[pri:0, instance:testcases.Test_List_Menu_Account@192b07fd]" name="done" is-config="true" duration-ms="0" started-at="2020-06-19T19:03:08Z" finished-at="2020-06-19T19:03:08Z">
          <reporter-output>
          </reporter-output>
        </test-method> <!-- done -->
        <test-method status="SKIP" signature="set()[pri:0, instance:testcases.Test_List_Menu_Account@192b07fd]" name="set" is-config="true" duration-ms="0" started-at="2020-06-19T19:03:08Z" finished-at="2020-06-19T19:03:08Z">
          <reporter-output>
          </reporter-output>
        </test-method> <!-- set -->
        <test-method status="SKIP" signature="menu_account_not_login_button_menu_direct(java.lang.String, java.lang.String)[pri:3, instance:testcases.Test_List_Menu_Account@192b07fd]" name="menu_account_not_login_button_menu_direct" duration-ms="0" started-at="2020-06-19T19:03:08Z" data-provider="list_menu_account_direct" finished-at="2020-06-19T19:03:08Z">
          <params>
            <param index="0">
              <value>
                <![CDATA[privacy-policy]]>
              </value>
            </param>
            <param index="1">
              <value>
                <![CDATA[Privacy Policy]]>
              </value>
            </param>
          </params>
          <reporter-output>
          </reporter-output>
        </test-method> <!-- menu_account_not_login_button_menu_direct -->
        <test-method status="SKIP" signature="done()[pri:0, instance:testcases.Test_List_Menu_Account@192b07fd]" name="done" is-config="true" duration-ms="0" started-at="2020-06-19T19:03:08Z" finished-at="2020-06-19T19:03:08Z">
          <reporter-output>
          </reporter-output>
        </test-method> <!-- done -->
        <test-method status="SKIP" signature="set()[pri:0, instance:testcases.Test_List_Menu_Account@192b07fd]" name="set" is-config="true" duration-ms="0" started-at="2020-06-19T19:03:08Z" finished-at="2020-06-19T19:03:08Z">
          <reporter-output>
          </reporter-output>
        </test-method> <!-- set -->
        <test-method status="SKIP" signature="menu_account_not_login_button_menu_direct(java.lang.String, java.lang.String)[pri:3, instance:testcases.Test_List_Menu_Account@192b07fd]" name="menu_account_not_login_button_menu_direct" duration-ms="1" started-at="2020-06-19T19:03:08Z" data-provider="list_menu_account_direct" finished-at="2020-06-19T19:03:08Z">
          <params>
            <param index="0">
              <value>
                <![CDATA[contact-us]]>
              </value>
            </param>
            <param index="1">
              <value>
                <![CDATA[Contact Us]]>
              </value>
            </param>
          </params>
          <reporter-output>
          </reporter-output>
        </test-method> <!-- menu_account_not_login_button_menu_direct -->
        <test-method status="SKIP" signature="done()[pri:0, instance:testcases.Test_List_Menu_Account@192b07fd]" name="done" is-config="true" duration-ms="0" started-at="2020-06-19T19:03:08Z" finished-at="2020-06-19T19:03:08Z">
          <reporter-output>
          </reporter-output>
        </test-method> <!-- done -->
        <test-method status="SKIP" signature="set()[pri:0, instance:testcases.Test_List_Menu_Account@192b07fd]" name="set" is-config="true" duration-ms="0" started-at="2020-06-19T19:03:08Z" finished-at="2020-06-19T19:03:08Z">
          <reporter-output>
          </reporter-output>
        </test-method> <!-- set -->
        <test-method status="SKIP" signature="menu_account_not_login_button_menu_direct(java.lang.String, java.lang.String)[pri:3, instance:testcases.Test_List_Menu_Account@192b07fd]" name="menu_account_not_login_button_menu_direct" duration-ms="1" started-at="2020-06-19T19:03:08Z" data-provider="list_menu_account_direct" finished-at="2020-06-19T19:03:08Z">
          <params>
            <param index="0">
              <value>
                <![CDATA[faq]]>
              </value>
            </param>
            <param index="1">
              <value>
                <![CDATA[Faq]]>
              </value>
            </param>
          </params>
          <reporter-output>
          </reporter-output>
        </test-method> <!-- menu_account_not_login_button_menu_direct -->
        <test-method status="SKIP" signature="done()[pri:0, instance:testcases.Test_List_Menu_Account@192b07fd]" name="done" is-config="true" duration-ms="0" started-at="2020-06-19T19:03:08Z" finished-at="2020-06-19T19:03:08Z">
          <reporter-output>
          </reporter-output>
        </test-method> <!-- done -->
        <test-method status="SKIP" signature="menu_account_not_login_button_download()[pri:4, instance:testcases.Test_List_Menu_Account@192b07fd]" name="menu_account_not_login_button_download" duration-ms="1" started-at="2020-06-19T19:03:08Z" finished-at="2020-06-19T19:03:08Z">
          <reporter-output>
          </reporter-output>
        </test-method> <!-- menu_account_not_login_button_download -->
        <test-method status="SKIP" signature="set()[pri:0, instance:testcases.Test_List_Menu_Account@192b07fd]" name="set" is-config="true" duration-ms="0" started-at="2020-06-19T19:03:08Z" finished-at="2020-06-19T19:03:08Z">
          <reporter-output>
          </reporter-output>
        </test-method> <!-- set -->
        <test-method status="SKIP" signature="done()[pri:0, instance:testcases.Test_List_Menu_Account@192b07fd]" name="done" is-config="true" duration-ms="0" started-at="2020-06-19T19:03:08Z" finished-at="2020-06-19T19:03:08Z">
          <reporter-output>
          </reporter-output>
        </test-method> <!-- done -->
      </class> <!-- testcases.Test_List_Menu_Account -->
    </test> <!-- Test -->
  </suite> <!-- Suite -->
</testng-results>
